  animation.cpp
C:\Users\Maksim\Desktop\моё\duck\07-12-19\animation\v1.2\animation.cpp(9,14): error C2065: x_m: необъявленный идентификатор
C:\Users\Maksim\Desktop\моё\duck\07-12-19\animation\v1.2\animation.cpp(9,20): error C2065: l: необъявленный идентификатор
C:\Users\Maksim\Desktop\моё\duck\07-12-19\animation\v1.2\animation.cpp(9,23): error C2065: y_m: необъявленный идентификатор
C:\Users\Maksim\Desktop\моё\duck\07-12-19\animation\v1.2\animation.cpp(9,29): error C2065: h: необъявленный идентификатор
C:\Users\Maksim\Desktop\моё\duck\07-12-19\animation\v1.2\animation.cpp(9,32): error C2065: x_m: необъявленный идентификатор
C:\Users\Maksim\Desktop\моё\duck\07-12-19\animation\v1.2\animation.cpp(9,38): error C2065: l: необъявленный идентификатор
C:\Users\Maksim\Desktop\моё\duck\07-12-19\animation\v1.2\animation.cpp(9,41): error C2065: y_m: необъявленный идентификатор
C:\Users\Maksim\Desktop\моё\duck\07-12-19\animation\v1.2\animation.cpp(9,47): error C2065: h: необъявленный идентификатор
C:\Users\Maksim\Desktop\моё\duck\07-12-19\animation\v1.2\animation.cpp(9,48): error C2660: `anonymous-namespace'::TX::txRectangle: функция не принимает 1 аргументов
C:\Users\Maksim\Desktop\моё\duck\07-12-19\animation\v1.2\TXLib.h(7064,6): message : см. объявление "`anonymous-namespace'::TX::txRectangle"
C:\Users\Maksim\Desktop\моё\duck\07-12-19\animation\v1.2\animation.cpp(13,33): error C2065: x_m: необъявленный идентификатор
C:\Users\Maksim\Desktop\моё\duck\07-12-19\animation\v1.2\animation.cpp(14,34): error C2065: x_m: необъявленный идентификатор
C:\Users\Maksim\Desktop\моё\duck\07-12-19\animation\v1.2\animation.cpp(15,33): error C2065: y_m: необъявленный идентификатор
C:\Users\Maksim\Desktop\моё\duck\07-12-19\animation\v1.2\animation.cpp(16,31): error C2065: y_m: необъявленный идентификатор
C:\Users\Maksim\Desktop\моё\duck\07-12-19\animation\v1.2\animation.cpp(17,6): error C2065: x_m: необъявленный идентификатор
C:\Users\Maksim\Desktop\моё\duck\07-12-19\animation\v1.2\animation.cpp(17,17): error C2065: x_m: необъявленный идентификатор
C:\Users\Maksim\Desktop\моё\duck\07-12-19\animation\v1.2\animation.cpp(18,11): error C2065: x_m: необъявленный идентификатор
C:\Users\Maksim\Desktop\моё\duck\07-12-19\animation\v1.2\animation.cpp(18,22): error C2065: x_m: необъявленный идентификатор
C:\Users\Maksim\Desktop\моё\duck\07-12-19\animation\v1.2\animation.cpp(19,6): error C2065: y_m: необъявленный идентификатор
C:\Users\Maksim\Desktop\моё\duck\07-12-19\animation\v1.2\animation.cpp(19,17): error C2065: y_m: необъявленный идентификатор
C:\Users\Maksim\Desktop\моё\duck\07-12-19\animation\v1.2\animation.cpp(20,11): error C2065: y_m: необъявленный идентификатор
C:\Users\Maksim\Desktop\моё\duck\07-12-19\animation\v1.2\animation.cpp(20,22): error C2065: y_m: необъявленный идентификатор
C:\Users\Maksim\Desktop\моё\duck\07-12-19\animation\v1.2\animation.cpp(26,14): error C2065: x_s: необъявленный идентификатор
C:\Users\Maksim\Desktop\моё\duck\07-12-19\animation\v1.2\animation.cpp(26,20): error C2065: l: необъявленный идентификатор
C:\Users\Maksim\Desktop\моё\duck\07-12-19\animation\v1.2\animation.cpp(26,23): error C2065: y_s: необъявленный идентификатор
C:\Users\Maksim\Desktop\моё\duck\07-12-19\animation\v1.2\animation.cpp(26,29): error C2065: h: необъявленный идентификатор
C:\Users\Maksim\Desktop\моё\duck\07-12-19\animation\v1.2\animation.cpp(26,32): error C2065: x_s: необъявленный идентификатор
C:\Users\Maksim\Desktop\моё\duck\07-12-19\animation\v1.2\animation.cpp(26,38): error C2065: l: необъявленный идентификатор
C:\Users\Maksim\Desktop\моё\duck\07-12-19\animation\v1.2\animation.cpp(26,41): error C2065: y_s: необъявленный идентификатор
C:\Users\Maksim\Desktop\моё\duck\07-12-19\animation\v1.2\animation.cpp(26,47): error C2065: h: необъявленный идентификатор
C:\Users\Maksim\Desktop\моё\duck\07-12-19\animation\v1.2\animation.cpp(26,48): error C2660: `anonymous-namespace'::TX::txRectangle: функция не принимает 1 аргументов
C:\Users\Maksim\Desktop\моё\duck\07-12-19\animation\v1.2\TXLib.h(7064,6): message : см. объявление "`anonymous-namespace'::TX::txRectangle"
C:\Users\Maksim\Desktop\моё\duck\07-12-19\animation\v1.2\animation.cpp(30,6): error C2065: x_s: необъявленный идентификатор
C:\Users\Maksim\Desktop\моё\duck\07-12-19\animation\v1.2\animation.cpp(30,12): error C2065: x_m: необъявленный идентификатор
C:\Users\Maksim\Desktop\моё\duck\07-12-19\animation\v1.2\animation.cpp(30,21): error C2065: x_s: необъявленный идентификатор
C:\Users\Maksim\Desktop\моё\duck\07-12-19\animation\v1.2\animation.cpp(31,11): error C2065: x_s: необъявленный идентификатор
C:\Users\Maksim\Desktop\моё\duck\07-12-19\animation\v1.2\animation.cpp(31,17): error C2065: x_m: необъявленный идентификатор
C:\Users\Maksim\Desktop\моё\duck\07-12-19\animation\v1.2\animation.cpp(31,26): error C2065: x_s: необъявленный идентификатор
C:\Users\Maksim\Desktop\моё\duck\07-12-19\animation\v1.2\animation.cpp(32,6): error C2065: y_s: необъявленный идентификатор
C:\Users\Maksim\Desktop\моё\duck\07-12-19\animation\v1.2\animation.cpp(32,12): error C2065: y_m: необъявленный идентификатор
C:\Users\Maksim\Desktop\моё\duck\07-12-19\animation\v1.2\animation.cpp(32,21): error C2065: y_s: необъявленный идентификатор
C:\Users\Maksim\Desktop\моё\duck\07-12-19\animation\v1.2\animation.cpp(33,11): error C2065: y_s: необъявленный идентификатор
C:\Users\Maksim\Desktop\моё\duck\07-12-19\animation\v1.2\animation.cpp(33,17): error C2065: y_m: необъявленный идентификатор
C:\Users\Maksim\Desktop\моё\duck\07-12-19\animation\v1.2\animation.cpp(33,26): error C2065: y_s: необъявленный идентификатор
